<?xml version="1.0" encoding="UTF-8"?>
<testsuite xmlns:xsi="http://www.w3.org/2001/XMLSchema-instance" xsi:noNamespaceSchemaLocation="https://maven.apache.org/surefire/maven-surefire-plugin/xsd/surefire-test-report.xsd" version="3.0.2" name="com.javas.yoedu_be.YoeduBeApplicationTests" time="5.452" tests="1" errors="0" skipped="0" failures="0" flakes="0">
  <properties>
[...]
</properties>
  <testcase name="contextLoads" classname="com.javas.yoedu_be.YoeduBeApplicationTests" time="0.277">
    <system-out><![CDATA[15:48:41.747 [main] INFO org.springframework.test.context.support.AnnotationConfigContextLoaderUtils -- Could not detect default configuration classes for test class [com.javas.yoedu_be.YoeduBeApplicationTests]: YoeduBeApplicationTests does not declare any static, non-private, non-final, nested classes annotated with @Configuration.
15:48:41.839 [main] INFO org.springframework.boot.test.context.SpringBootTestContextBootstrapper -- Found @SpringBootConfiguration com.javas.yoedu_be.YoeduBeApplication for test class com.javas.yoedu_be.YoeduBeApplicationTests
15:48:41.906 [main] INFO org.springframework.test.context.support.AnnotationConfigContextLoaderUtils -- Could not detect default configuration classes for test class [com.javas.yoedu_be.YoeduBeApplicationTests]: YoeduBeApplicationTests does not declare any static, non-private, non-final, nested classes annotated with @Configuration.
15:48:41.907 [main] INFO org.springframework.boot.test.context.SpringBootTestContextBootstrapper -- Found @SpringBootConfiguration com.javas.yoedu_be.YoeduBeApplication for test class com.javas.yoedu_be.YoeduBeApplicationTests

  .   ____          _            __ _ _
 /\\ / ___'_ __ _ _(_)_ __  __ _ \ \ \ \
( ( )\___ | '_ | '_| | '_ \/ _` | \ \ \ \
 \\/  ___)| |_)| | | | | || (_| |  ) ) ) )
  '  |____| .__|_| |_|_| |_\__, | / / / /
 =========|_|==============|___/=/_/_/_/

 :: Spring Boot ::                (v4.0.6)

2026-06-21T15:48:42.228+07:00  INFO 31336 --- [yoedu_prj] [           main] c.j.yoedu_be.YoeduBeApplicationTests     : Starting YoeduBeApplicationTests using Java 21.0.11 with PID 31336 (started by Asus in C:\Users\Asus\Desktop\Intern\Full-Stack\Back-end\yoedu_be)
2026-06-21T15:48:42.229+07:00  INFO 31336 --- [yoedu_prj] [           main] c.j.yoedu_be.YoeduBeApplicationTests     : The following 1 profile is active: "local"
2026-06-21T15:48:42.683+07:00  INFO 31336 --- [yoedu_prj] [           main] .s.d.r.c.RepositoryConfigurationDelegate : Bootstrapping Spring Data JPA repositories in DEFAULT mode.
2026-06-21T15:48:42.723+07:00  INFO 31336 --- [yoedu_prj] [           main] .s.d.r.c.RepositoryConfigurationDelegate : Finished Spring Data repository scanning in 32 ms. Found 8 JPA repository interfaces.
2026-06-21T15:48:43.463+07:00  INFO 31336 --- [yoedu_prj] [           main] com.zaxxer.hikari.HikariDataSource       : HikariPool-1 - Starting...
2026-06-21T15:48:43.599+07:00  INFO 31336 --- [yoedu_prj] [           main] com.zaxxer.hikari.pool.HikariPool        : HikariPool-1 - Added connection com.mysql.cj.jdbc.ConnectionImpl@1d806de6
2026-06-21T15:48:43.600+07:00  INFO 31336 --- [yoedu_prj] [           main] com.zaxxer.hikari.HikariDataSource       : HikariPool-1 - Start completed.
2026-06-21T15:48:43.941+07:00  INFO 31336 --- [yoedu_prj] [           main] org.flywaydb.core.FlywayExecutor         : Database: jdbc:mysql://localhost:3306/yoedu_prj (MySQL 5.5)
2026-06-21T15:48:43.994+07:00  INFO 31336 --- [yoedu_prj] [           main] o.f.core.internal.command.DbValidate     : Successfully validated 2 migrations (execution time 00:00.029s)
2026-06-21T15:48:44.007+07:00  INFO 31336 --- [yoedu_prj] [           main] o.f.core.internal.command.DbMigrate      : Current version of schema `yoedu_prj`: 2
2026-06-21T15:48:44.009+07:00  INFO 31336 --- [yoedu_prj] [           main] o.f.core.internal.command.DbMigrate      : Schema `yoedu_prj` is up to date. No migration necessary.
2026-06-21T15:48:44.094+07:00  INFO 31336 --- [yoedu_prj] [           main] org.hibernate.orm.jpa                    : HHH008540: Processing PersistenceUnitInfo [name: default]
2026-06-21T15:48:44.140+07:00  INFO 31336 --- [yoedu_prj] [           main] org.hibernate.orm.core                   : HHH000001: Hibernate ORM core version 7.2.12.Final
2026-06-21T15:48:44.453+07:00  INFO 31336 --- [yoedu_prj] [           main] o.s.o.j.p.SpringPersistenceUnitInfo      : No LoadTimeWeaver setup: ignoring JPA class transformer
2026-06-21T15:48:44.491+07:00  WARN 31336 --- [yoedu_prj] [           main] org.hibernate.orm.core                   : HHH000511: The 5.5.5 version for [org.hibernate.dialect.MySQLDialect] is no longer supported, hence certain features may not work properly.The minimum supported version is 8.0.0. Check the community dialects project for available legacy versions.
2026-06-21T15:48:44.494+07:00  WARN 31336 --- [yoedu_prj] [           main] org.hibernate.orm.deprecation            : HHH90000025: MySQLDialect does not need to be specified explicitly using 'hibernate.dialect' (remove the property setting and it will be selected by default)
2026-06-21T15:48:44.504+07:00  INFO 31336 --- [yoedu_prj] [           main] org.hibernate.orm.connections.pooling    : HHH10001005: Database info:
	Database JDBC URL [jdbc:mysql://localhost:3306/yoedu_prj]
	Database driver: MySQL Connector/J
	Database dialect: MySQLDialect
	Database version: 5.5.5
	Default catalog/schema: yoedu_prj/undefined
	Autocommit mode: undefined/unknown
	Isolation level: REPEATABLE_READ [default REPEATABLE_READ]
	JDBC fetch size: none
	Pool: DataSourceConnectionProvider
	Minimum pool size: undefined/unknown
	Maximum pool size: undefined/unknown
2026-06-21T15:48:45.165+07:00  INFO 31336 --- [yoedu_prj] [           main] org.hibernate.orm.core                   : HHH000489: No JTA platform available (set 'hibernate.transaction.jta.platform' to enable JTA platform integration)
2026-06-21T15:48:45.279+07:00  INFO 31336 --- [yoedu_prj] [           main] j.LocalContainerEntityManagerFactoryBean : Initialized JPA EntityManagerFactory for persistence unit 'default'
2026-06-21T15:48:45.351+07:00  INFO 31336 --- [yoedu_prj] [           main] o.s.d.j.r.query.QueryEnhancerFactories   : Hibernate is in classpath; If applicable, HQL parser will be used.
2026-06-21T15:48:46.075+07:00  WARN 31336 --- [yoedu_prj] [           main] JpaBaseConfiguration$JpaWebConfiguration : spring.jpa.open-in-view is enabled by default. Therefore, database queries may be performed during view rendering. Explicitly configure spring.jpa.open-in-view to disable this warning
2026-06-21T15:48:46.722+07:00  INFO 31336 --- [yoedu_prj] [           main] c.j.yoedu_be.YoeduBeApplicationTests     : Started YoeduBeApplicationTests in 4.754 seconds (process running for 5.716)
]]></system-out>
    <system-err><![CDATA[Mockito is currently self-attaching to enable the inline-mock-maker. This will no longer work in future releases of the JDK. Please add Mockito as an agent to your build as described in Mockito's documentation: https://javadoc.io/doc/org.mockito/mockito-core/latest/org.mockito/org/mockito/Mockito.html#0.3
WARNING: A Java agent has been loaded dynamically (C:\Users\Asus\.m2\repository\net\bytebuddy\byte-buddy-agent\1.17.8\byte-buddy-agent-1.17.8.jar)
WARNING: If a serviceability tool is in use, please run with -XX:+EnableDynamicAgentLoading to hide this warning
WARNING: If a serviceability tool is not in use, please run with -Djdk.instrument.traceUsage for more information
WARNING: Dynamic loading of agents will be disallowed by default in a future release
]]></system-err>
  </testcase>
</testsuite>